Authorization required, but no authorization protocol specified

Authorization required, but no authorization protocol specified

Traceback (most recent call last):
  File "/home/t2o0n321/.config/nstatus/src/toggle_button.py", line 198, in <module>
    ToggleButton()
  File "/home/t2o0n321/.config/nstatus/src/toggle_button.py", line 93, in __init__
    super().__init__(type=Gtk.WindowType.TOPLEVEL)
  File "/usr/lib/python3/dist-packages/gi/overrides/Gtk.py", line 508, in __init__
    raise RuntimeError(
RuntimeError: Gtk couldn't be initialized. Use Gtk.init_check() if you want to handle this case.
Authorization required, but no authorization protocol specified

Authorization required, but no authorization protocol specified

Traceback (most recent call last):
  File "/home/t2o0n321/.config/nstatus/src/toggle_button.py", line 198, in <module>
    ToggleButton()
  File "/home/t2o0n321/.config/nstatus/src/toggle_button.py", line 93, in __init__
    super().__init__(type=Gtk.WindowType.TOPLEVEL)
  File "/usr/lib/python3/dist-packages/gi/overrides/Gtk.py", line 508, in __init__
    raise RuntimeError(
RuntimeError: Gtk couldn't be initialized. Use Gtk.init_check() if you want to handle this case.
Authorization required, but no authorization protocol specified

Authorization required, but no authorization protocol specified

Traceback (most recent call last):
  File "/home/t2o0n321/.config/nstatus/src/toggle_button.py", line 198, in <module>
    ToggleButton()
  File "/home/t2o0n321/.config/nstatus/src/toggle_button.py", line 93, in __init__
    super().__init__(type=Gtk.WindowType.TOPLEVEL)
  File "/usr/lib/python3/dist-packages/gi/overrides/Gtk.py", line 508, in __init__
    raise RuntimeError(
RuntimeError: Gtk couldn't be initialized. Use Gtk.init_check() if you want to handle this case.
